<?xml version="1.0" encoding="UTF-8"?>
<!-- Generated by org.testng.reporters.JUnitReportReporter -->
<testsuite hostname="LP-5CG7350JKM" failures="0" tests="1" name="Instagram.testng" time="14.056" errors="0" timestamp="9 Jul 2022 06:02:14 GMT">
  <testcase classname="Instagram.testng" name="Test" time="14.056"/>
</testsuite> <!-- Instagram.testng -->
